<?xml version="1.0" encoding="UTF-8"?>
<testng-results total="0" passed="0" failed="0" skipped="0">
  <reporter-output>
  </reporter-output>
  <suite started-at="2022-01-19T23:43:02Z" name="Default suite" finished-at="2022-01-19T23:43:04Z" duration-ms="1894">
    <groups>
      <group name="cucumber">
        <method signature="AbstractTestNGCucumberTests.runScenario(cucumber.api.testng.PickleEventWrapper, cucumber.api.testng.CucumberFeatureWrapper)[pri:0, instance:com.adidas.test.automation.runner@5d12a356]" name="runScenario" class="cucumber.api.testng.AbstractTestNGCucumberTests"/>
      </group> <!-- cucumber -->
    </groups>
    <test started-at="2022-01-19T23:43:02Z" name="Default test" finished-at="2022-01-19T23:43:04Z" duration-ms="1894">
      <class name="com.adidas.test.automation.runner">
        <test-method is-config="true" signature="setUpClass()[pri:0, instance:com.adidas.test.automation.runner@5d12a356]" started-at="2022-01-20T00:43:02Z" name="setUpClass" finished-at="2022-01-20T00:43:03Z" duration-ms="1110" status="PASS">
          <reporter-output>
          </reporter-output>
        </test-method> <!-- setUpClass -->
        <test-method is-config="true" signature="tearDownClass()[pri:0, instance:com.adidas.test.automation.runner@5d12a356]" started-at="2022-01-20T00:43:04Z" name="tearDownClass" finished-at="2022-01-20T00:43:04Z" duration-ms="2" status="PASS">
          <reporter-output>
          </reporter-output>
        </test-method> <!-- tearDownClass -->
        <test-method is-config="true" signature="tearDown()[pri:0, instance:com.adidas.test.automation.runner@5d12a356]" started-at="2022-01-20T00:43:05Z" name="tearDown" finished-at="2022-01-20T00:43:05Z" duration-ms="22" status="PASS">
          <reporter-output>
          </reporter-output>
        </test-method> <!-- tearDown -->
      </class> <!-- com.adidas.test.automation.runner -->
    </test> <!-- Default test -->
  </suite> <!-- Default suite -->
</testng-results>
