-------------------------------------------------------------------------------
Test set: TestSuite
-------------------------------------------------------------------------------
Tests run: 6, Failures: 6, Errors: 0, Skipped: 0, Time elapsed: 1.714 s <<< FAILURE! - in TestSuite
runScenario(com.adidas.test.automation.runner)  Time elapsed: 0.151 s  <<< FAILURE!
io.cucumber.testng.UndefinedStepException: 
The step "I hit get API with available status" is undefined. You can implement it using the snippet(s) below:

@When("I hit get API with available status")
public void i_hit_get_API_with_available_status() {
    // Write code here that turns the phrase above into concrete actions
    throw new io.cucumber.java.PendingException();
}


runScenario(com.adidas.test.automation.runner)  Time elapsed: 0.004 s  <<< FAILURE!
io.cucumber.testng.UndefinedStepException: 
The step "I hit get API with pending status" is undefined. You can implement it using the snippet(s) below:

@When("I hit get API with pending status")
public void i_hit_get_API_with_pending_status() {
    // Write code here that turns the phrase above into concrete actions
    throw new io.cucumber.java.PendingException();
}


runScenario(com.adidas.test.automation.runner)  Time elapsed: 0.008 s  <<< FAILURE!
io.cucumber.testng.UndefinedStepException: 
The step "I hit get API with sold status" is undefined. You can implement it using the snippet(s) below:

@When("I hit get API with sold status")
public void i_hit_get_API_with_sold_status() {
    // Write code here that turns the phrase above into concrete actions
    throw new io.cucumber.java.PendingException();
}


runScenario(com.adidas.test.automation.runner)  Time elapsed: 0.011 s  <<< FAILURE!
io.cucumber.testng.UndefinedStepException: 
The step "I hit post API with values 5000 BoxerMilo available" is undefined. You can implement it using the snippet(s) below:

@When("I hit post API with values {int} BoxerMilo available")
public void i_hit_post_API_with_values_BoxerMilo_available(Integer int1) {
    // Write code here that turns the phrase above into concrete actions
    throw new io.cucumber.java.PendingException();
}


runScenario(com.adidas.test.automation.runner)  Time elapsed: 0.006 s  <<< FAILURE!
io.cucumber.testng.UndefinedStepException: 
The step "I hit put API with values 5000 BoxerMilo sold" is undefined. You can implement it using the snippet(s) below:

@When("I hit put API with values {int} BoxerMilo sold")
public void i_hit_put_API_with_values_BoxerMilo_sold(Integer int1) {
    // Write code here that turns the phrase above into concrete actions
    throw new io.cucumber.java.PendingException();
}


runScenario(com.adidas.test.automation.runner)  Time elapsed: 0.011 s  <<< FAILURE!
io.cucumber.testng.UndefinedStepException: 
The step "I hit delete API with 5000 id" is undefined. You can implement it using the snippet(s) below:

@When("I hit delete API with {int} id")
public void i_hit_delete_API_with_id(Integer int1) {
    // Write code here that turns the phrase above into concrete actions
    throw new io.cucumber.java.PendingException();
}


