<?xml version="1.0" encoding="UTF-8"?>
<testsuite xmlns:xsi="http://www.w3.org/2001/XMLSchema-instance" xsi:noNamespaceSchemaLocation="https://maven.apache.org/surefire/maven-surefire-plugin/xsd/surefire-test-report.xsd" name="TestSuite" time="1.714" tests="6" errors="0" skipped="0" failures="6">
  <properties>
[...]
</properties>
  <testcase name="runScenario" classname="com.adidas.test.automation.runner" time="0.151">
    <failure message="The step &quot;I hit get API with available status&quot; is undefined. You can implement it using the snippet(s) below:&#10;&#10;@When(&quot;I hit get API with available status&quot;)&#10;public void i_hit_get_API_with_available_status() {&#10;    // Write code here that turns the phrase above into concrete actions&#10;    throw new io.cucumber.java.PendingException();&#10;}&#10;" type="io.cucumber.testng.UndefinedStepException">io.cucumber.testng.UndefinedStepException: 
The step "I hit get API with available status" is undefined. You can implement it using the snippet(s) below:

@When("I hit get API with available status")
public void i_hit_get_API_with_available_status() {
    // Write code here that turns the phrase above into concrete actions
    throw new io.cucumber.java.PendingException();
}

</failure>
    <system-out><![CDATA[
@get
Scenario Outline: Fetching all pets with status available # src/test/java/resources/API_Test.feature:13
  When I hit get API with available status                # null
  Then I verify success status code                       # null
  Then I verify response body is not blank                # null
]]></system-out>
  </testcase>
  <testcase name="runScenario" classname="com.adidas.test.automation.runner" time="0.004">
    <failure message="The step &quot;I hit get API with pending status&quot; is undefined. You can implement it using the snippet(s) below:&#10;&#10;@When(&quot;I hit get API with pending status&quot;)&#10;public void i_hit_get_API_with_pending_status() {&#10;    // Write code here that turns the phrase above into concrete actions&#10;    throw new io.cucumber.java.PendingException();&#10;}&#10;" type="io.cucumber.testng.UndefinedStepException">io.cucumber.testng.UndefinedStepException: 
The step "I hit get API with pending status" is undefined. You can implement it using the snippet(s) below:

@When("I hit get API with pending status")
public void i_hit_get_API_with_pending_status() {
    // Write code here that turns the phrase above into concrete actions
    throw new io.cucumber.java.PendingException();
}

</failure>
    <system-out><![CDATA[
@get
Scenario Outline: Fetching all pets with status available # src/test/java/resources/API_Test.feature:14
  When I hit get API with pending status                  # null
  Then I verify success status code                       # null
  Then I verify response body is not blank                # null
]]></system-out>
  </testcase>
  <testcase name="runScenario" classname="com.adidas.test.automation.runner" time="0.008">
    <failure message="The step &quot;I hit get API with sold status&quot; is undefined. You can implement it using the snippet(s) below:&#10;&#10;@When(&quot;I hit get API with sold status&quot;)&#10;public void i_hit_get_API_with_sold_status() {&#10;    // Write code here that turns the phrase above into concrete actions&#10;    throw new io.cucumber.java.PendingException();&#10;}&#10;" type="io.cucumber.testng.UndefinedStepException">io.cucumber.testng.UndefinedStepException: 
The step "I hit get API with sold status" is undefined. You can implement it using the snippet(s) below:

@When("I hit get API with sold status")
public void i_hit_get_API_with_sold_status() {
    // Write code here that turns the phrase above into concrete actions
    throw new io.cucumber.java.PendingException();
}

</failure>
    <system-out><![CDATA[
@get
Scenario Outline: Fetching all pets with status available # src/test/java/resources/API_Test.feature:15
  When I hit get API with sold status                     # null
  Then I verify success status code                       # null
  Then I verify response body is not blank                # null
]]></system-out>
  </testcase>
  <testcase name="runScenario" classname="com.adidas.test.automation.runner" time="0.011">
    <failure message="The step &quot;I hit post API with values 5000 BoxerMilo available&quot; is undefined. You can implement it using the snippet(s) below:&#10;&#10;@When(&quot;I hit post API with values {int} BoxerMilo available&quot;)&#10;public void i_hit_post_API_with_values_BoxerMilo_available(Integer int1) {&#10;    // Write code here that turns the phrase above into concrete actions&#10;    throw new io.cucumber.java.PendingException();&#10;}&#10;" type="io.cucumber.testng.UndefinedStepException">io.cucumber.testng.UndefinedStepException: 
The step "I hit post API with values 5000 BoxerMilo available" is undefined. You can implement it using the snippet(s) below:

@When("I hit post API with values {int} BoxerMilo available")
public void i_hit_post_API_with_values_BoxerMilo_available(Integer int1) {
    // Write code here that turns the phrase above into concrete actions
    throw new io.cucumber.java.PendingException();
}

</failure>
    <system-out><![CDATA[
@post
Scenario Outline: Adding a new available pet to the store. # src/test/java/resources/API_Test.feature:25
  When I hit post API with values 5000 BoxerMilo available # null
  Then I verify successful creation status code            # null
  Then I verify response body is not blank                 # null
]]></system-out>
  </testcase>
  <testcase name="runScenario" classname="com.adidas.test.automation.runner" time="0.006">
    <failure message="The step &quot;I hit put API with values 5000 BoxerMilo sold&quot; is undefined. You can implement it using the snippet(s) below:&#10;&#10;@When(&quot;I hit put API with values {int} BoxerMilo sold&quot;)&#10;public void i_hit_put_API_with_values_BoxerMilo_sold(Integer int1) {&#10;    // Write code here that turns the phrase above into concrete actions&#10;    throw new io.cucumber.java.PendingException();&#10;}&#10;" type="io.cucumber.testng.UndefinedStepException">io.cucumber.testng.UndefinedStepException: 
The step "I hit put API with values 5000 BoxerMilo sold" is undefined. You can implement it using the snippet(s) below:

@When("I hit put API with values {int} BoxerMilo sold")
public void i_hit_put_API_with_values_BoxerMilo_sold(Integer int1) {
    // Write code here that turns the phrase above into concrete actions
    throw new io.cucumber.java.PendingException();
}

</failure>
    <system-out><![CDATA[
@put
Scenario Outline: Updating the newly added pet in the store. # src/test/java/resources/API_Test.feature:35
  When I hit put API with values 5000 BoxerMilo sold         # null
  Then I verify success status code                          # null
  Then I verify response body is not blank                   # null
]]></system-out>
  </testcase>
  <testcase name="runScenario" classname="com.adidas.test.automation.runner" time="0.011">
    <failure message="The step &quot;I hit delete API with 5000 id&quot; is undefined. You can implement it using the snippet(s) below:&#10;&#10;@When(&quot;I hit delete API with {int} id&quot;)&#10;public void i_hit_delete_API_with_id(Integer int1) {&#10;    // Write code here that turns the phrase above into concrete actions&#10;    throw new io.cucumber.java.PendingException();&#10;}&#10;" type="io.cucumber.testng.UndefinedStepException">io.cucumber.testng.UndefinedStepException: 
The step "I hit delete API with 5000 id" is undefined. You can implement it using the snippet(s) below:

@When("I hit delete API with {int} id")
public void i_hit_delete_API_with_id(Integer int1) {
    // Write code here that turns the phrase above into concrete actions
    throw new io.cucumber.java.PendingException();
}

</failure>
    <system-out><![CDATA[
@delete
Scenario Outline: Deleting the updated pet from the store. # src/test/java/resources/API_Test.feature:45
  When I hit delete API with 5000 id                       # null
  Then I verify success status code                        # null
  Then I verify response body is not blank                 # null
]]></system-out>
  </testcase>
</testsuite>