<?xml version="1.0" encoding="UTF-8"?>
<!-- Generated by org.testng.reporters.JUnitReportReporter -->
<testsuite hostname="LAPTOP-BD04NJC5" failures="1" tests="6" name="com.adidas.test.api_automation.runner" time="20.833" errors="0" timestamp="2022-01-20T11:02:25 IST" skipped="0">
  <testcase classname="com.adidas.test.api_automation.runner" name="runScenario" time="3.031"/>
  <system-out/>
  <testcase classname="com.adidas.test.api_automation.runner" name="runScenario" time="1.938">
    <failure message="expected:&lt;201&gt; but was:&lt;200&gt;" type="junit.framework.AssertionFailedError">
      <![CDATA[junit.framework.AssertionFailedError: expected:<201> but was:<200>
at junit.framework.Assert.fail(Assert.java:50)
at junit.framework.Assert.failNotEquals(Assert.java:287)
at junit.framework.Assert.assertEquals(Assert.java:67)
at junit.framework.Assert.assertEquals(Assert.java:199)
at junit.framework.Assert.assertEquals(Assert.java:205)
at com.adidas.test.api_automation.stepDefinition.i_verify_successful_creation_status_code(stepDefinition.java:43)
at ✽.I verify successful creation status code(file:///C:/Users/apoor/Downloads/api-automation/api-automation/src/test/java/resources/API_Test.feature:20)
]]>
    </failure>
  </testcase> <!-- runScenario -->
  <system-out/>
  <testcase classname="com.adidas.test.api_automation.runner" name="runScenario" time="3.355"/>
  <system-out/>
  <testcase classname="com.adidas.test.api_automation.runner" name="runScenario" time="4.153"/>
  <system-out/>
  <testcase classname="com.adidas.test.api_automation.runner" name="runScenario" time="6.586"/>
  <system-out/>
  <testcase classname="com.adidas.test.api_automation.runner" name="runScenario" time="1.770"/>
  <system-out/>
</testsuite> <!-- com.adidas.test.api_automation.runner -->
